<?xml version="1.0" encoding="UTF-8"?>
<!-- Generated by org.testng.reporters.JUnitReportReporter -->
<testsuite hostname="DESKTOP-0GBED7E" failures="0" tests="2" name="TestClasses.VerifyUserCanAddNewAddress" time="3.973" errors="0" timestamp="2022-07-22T15:29:52 IST" skipped="0">
  <testcase classname="TestClasses.VerifyUserCanAddNewAddress" name="verifyUserCanGoToProfilePage" time="1.295"/>
  <system-out/>
  <testcase classname="TestClasses.VerifyUserCanAddNewAddress" name="veryUserCanAddAddress" time="2.678"/>
  <system-out/>
</testsuite> <!-- TestClasses.VerifyUserCanAddNewAddress -->
