<?xml version="1.0" encoding="UTF-8"?>
<!-- Generated by org.testng.reporters.JUnitReportReporter -->
<testsuite hostname="DESKTOP-0GBED7E" failures="0" tests="1" name="TestClasses.VerifyUserCanLogIn" time="3.198" errors="0" timestamp="2022-07-22T15:29:52 IST" skipped="0">
  <testcase classname="TestClasses.VerifyUserCanLogIn" name="verifyUserCanLogin" time="3.198"/>
  <system-out/>
</testsuite> <!-- TestClasses.VerifyUserCanLogIn -->
